<?xml version="1.0" encoding="UTF-8"?>
<!-- Generated by org.testng.reporters.JUnitReportReporter -->
<testsuite hostname="LAPTOP-1AF70FRK" failures="0" tests="3" name="TestRunner.testRunner" time="21.790" errors="0" timestamp="2024-01-13T12:38:45 IST" skipped="0">
  <testcase classname="TestRunner.testRunner" name="runScenario" time="4.540"/>
  <testcase classname="TestRunner.testRunner" name="runScenario" time="6.812"/>
  <testcase classname="TestRunner.testRunner" name="runScenario" time="10.438"/>
</testsuite> <!-- TestRunner.testRunner -->
